============================= test session starts ==============================
platform linux -- Python 3.11.14, pytest-8.3.2, pluggy-1.6.0 -- /usr/local/bin/python3.11
cachedir: .pytest_cache
django: version: 5.1.2, settings: config.settings (from env)
rootdir: /app
configfile: pytest.ini
plugins: cov-5.0.0, Faker-28.4.1, django-4.8.0, xdist-3.6.1
collecting ... collected 291 items

apps/dat_ingest/tests/test_commands.py::TestLoadTiposEventoCommand::test_command_exists FAILED [  0%]
apps/dat_ingest/tests/test_commands.py::TestLoadTiposEventoCommand::test_loads_tipos_evento_from_agenda FAILED [  0%]
apps/dat_ingest/tests/test_commands.py::TestLoadTiposEventoCommand::test_dry_run_does_not_persist FAILED [  1%]
apps/dat_ingest/tests/test_commands.py::TestLoadTiposEventoCommand::test_is_idempotent FAILED [  1%]
apps/dat_ingest/tests/test_commands.py::TestLoadFullPipelineCommand::test_command_exists FAILED [  1%]
apps/dat_ingest/tests/test_commands.py::TestLoadFullPipelineCommand::test_loads_usuarios FAILED [  2%]
apps/dat_ingest/tests/test_commands.py::TestLoadFullPipelineCommand::test_loads_municipios FAILED [  2%]
apps/dat_ingest/tests/test_commands.py::TestLoadFullPipelineCommand::test_loads_projetos FAILED [  2%]
apps/dat_ingest/tests/test_commands.py::TestLoadFullPipelineCommand::test_loads_tipos_evento FAILED [  3%]
apps/dat_ingest/tests/test_commands.py::TestLoadFullPipelineCommand::test_loads_eventos_to_staging FAILED [  3%]
apps/dat_ingest/tests/test_commands.py::TestLoadFullPipelineCommand::test_dry_run_does_not_persist FAILED [  3%]
apps/dat_ingest/tests/test_commands.py::TestLoadFullPipelineCommand::test_full_pipeline_is_idempotent FAILED [  4%]
apps/dat_ingest/tests/test_commands.py::TestLoadFullPipelineCommand::test_handles_optional_files FAILED [  4%]
apps/dat_ingest/tests/test_commands.py::TestLoadFullPipelineCommand::test_processes_optional_disponibilidade FAILED [  4%]
apps/dat_ingest/tests/test_commands.py::TestLoadFullPipelineCommand::test_processes_optional_controle FAILED [  5%]
apps/dat_ingest/tests/test_commands.py::TestCommandsIntegration::test_load_tipos_evento_then_full_pipeline FAILED [  5%]
apps/dat_ingest/tests/test_commands.py::TestCommandsIntegration::test_commands_respect_transactions PASSED [  5%]
apps/dat_ingest/tests/test_etl_acompanhamento_idempotency.py::test_two_runs_no_duplicates FAILED [  6%]
apps/dat_ingest/tests/test_etl_acompanhamento_rules.py::test_super_multi_municipio FAILED [  6%]
apps/dat_ingest/tests/test_etl_acompanhamento_rules.py::test_outros_sem_formador_duplica_coordenador FAILED [  6%]
apps/dat_ingest/tests/test_etl_gates_abort_on_thresholds.py::TestETLGatesDuplicates::test_abort_when_duplicates_exceed_threshold PASSED [  7%]
apps/dat_ingest/tests/test_etl_gates_abort_on_thresholds.py::TestETLGatesDuplicates::test_allow_when_duplicates_below_threshold FAILED [  7%]
apps/dat_ingest/tests/test_etl_gates_abort_on_thresholds.py::TestETLGatesUnknownUsers::test_abort_when_unknown_users_exceed_threshold FAILED [  7%]
apps/dat_ingest/tests/test_etl_gates_abort_on_thresholds.py::TestETLGatesUnknownUsers::test_allow_when_unknown_users_below_threshold PASSED [  8%]
apps/dat_ingest/tests/test_etl_gates_abort_on_thresholds.py::TestETLGatesInvalidIntervals::test_abort_when_invalid_intervals_and_flag_true PASSED [  8%]
apps/dat_ingest/tests/test_etl_gates_abort_on_thresholds.py::TestETLGatesInvalidIntervals::test_allow_when_invalid_intervals_and_flag_false PASSED [  8%]
apps/dat_ingest/tests/test_etl_gates_abort_on_thresholds.py::TestETLGatesInvalidDates::test_abort_when_invalid_dates_and_flag_true PASSED [  9%]
apps/dat_ingest/tests/test_etl_gates_abort_on_thresholds.py::TestETLGatesInvalidDates::test_allow_when_invalid_dates_and_flag_false PASSED [  9%]
apps/dat_ingest/tests/test_etl_gates_abort_on_thresholds.py::TestETLGatesDryRunAlwaysAllowed::test_dry_run_allowed_even_with_duplicate_violations PASSED [  9%]
apps/dat_ingest/tests/test_etl_gates_abort_on_thresholds.py::TestETLGatesDryRunAlwaysAllowed::test_dry_run_allowed_even_with_invalid_interval_violations PASSED [ 10%]
apps/dat_ingest/tests/test_etl_gates_abort_on_thresholds.py::TestETLGatesMetricsReporting::test_metrics_file_generated_on_dry_run PASSED [ 10%]
apps/dat_ingest/tests/test_etl_gates_abort_on_thresholds.py::TestETLGatesMetricsReporting::test_violations_file_generated_when_gates_violated FAILED [ 10%]
apps/dat_ingest/tests/test_etl_idempotency.py::TestETLIdempotency::test_etl_load_xlsx_idempotent_via_sha256 PASSED [ 11%]
apps/dat_ingest/tests/test_etl_idempotency.py::TestETLIdempotency::test_etl_upsert_core_idempotent_usuarios FAILED [ 11%]
apps/dat_ingest/tests/test_etl_idempotency.py::TestETLIdempotency::test_etl_upsert_core_idempotent_municipios FAILED [ 12%]
apps/dat_ingest/tests/test_etl_idempotency.py::TestETLIdempotency::test_etl_upsert_core_idempotent_projetos FAILED [ 12%]
apps/dat_ingest/tests/test_etl_idempotency.py::TestETLIdempotency::test_etl_upsert_core_idempotent_tipos_evento PASSED [ 12%]
apps/dat_ingest/tests/test_etl_idempotency.py::TestETLIdempotency::test_etl_all_full_pipeline_idempotent FAILED [ 13%]
apps/dat_ingest/tests/test_etl_idempotency.py::TestETLIdempotency::test_dry_run_does_not_persist FAILED [ 13%]
apps/dat_ingest/tests/test_etl_idempotency.py::TestETLIdempotency::test_upsert_updates_changed_data FAILED [ 13%]
apps/dat_ingest/tests/test_external_hash_v2_backfill.py::TestBackfillExternalHashV2DryRun::test_dry_run_does_not_modify_database FAILED [ 14%]
apps/dat_ingest/tests/test_external_hash_v2_backfill.py::TestBackfillExternalHashV2DryRun::test_dry_run_shows_would_update_count FAILED [ 14%]
apps/dat_ingest/tests/test_external_hash_v2_backfill.py::TestBackfillExternalHashV2DryRun::test_dry_run_shows_would_update_count ERROR [ 14%]
apps/dat_ingest/tests/test_external_hash_v2_backfill.py::TestBackfillExternalHashV2DryRun::test_dry_run_with_limit FAILED [ 14%]
apps/dat_ingest/tests/test_external_hash_v2_backfill.py::TestBackfillExternalHashV2DryRun::test_dry_run_with_limit ERROR [ 14%]
apps/dat_ingest/tests/test_external_hash_v2_backfill.py::TestBackfillCollisionsReport::test_collision_file_generated_when_collisions_exist FAILED [ 15%]
apps/dat_ingest/tests/test_external_hash_v2_backfill.py::TestBackfillCollisionsReport::test_collision_file_generated_when_collisions_exist ERROR [ 15%]
apps/dat_ingest/tests/test_external_hash_v2_backfill.py::TestBackfillCollisionsReport::test_collision_file_not_generated_when_no_collisions FAILED [ 15%]
apps/dat_ingest/tests/test_indicator_filter.py::TestIndicatorFilter::test_ano_disciplina_patterns_are_indicators PASSED [ 15%]
apps/dat_ingest/tests/test_indicator_filter.py::TestIndicatorFilter::test_ano_simple_is_indicator PASSED [ 16%]
apps/dat_ingest/tests/test_indicator_filter.py::TestIndicatorFilter::test_audit_report_real_examples PASSED [ 16%]
apps/dat_ingest/tests/test_indicator_filter.py::TestIndicatorFilter::test_case_insensitive_matching PASSED [ 16%]
apps/dat_ingest/tests/test_indicator_filter.py::TestIndicatorFilter::test_edge_cases_with_special_characters PASSED [ 17%]
apps/dat_ingest/tests/test_indicator_filter.py::TestIndicatorFilter::test_filter_indicators_from_list PASSED [ 17%]
apps/dat_ingest/tests/test_indicator_filter.py::TestIndicatorFilter::test_generic_groups_are_indicators PASSED [ 17%]
apps/dat_ingest/tests/test_indicator_filter.py::TestIndicatorFilter::test_none_and_empty_are_not_indicators PASSED [ 18%]
apps/dat_ingest/tests/test_indicator_filter.py::TestIndicatorFilter::test_real_names_are_not_indicators PASSED [ 18%]
apps/dat_ingest/tests/test_indicator_filter.py::TestIndicatorFilter::test_should_create_participation_for_real_names PASSED [ 18%]
apps/dat_ingest/tests/test_indicator_filter.py::TestIndicatorFilter::test_should_not_create_participation_for_indicators PASSED [ 19%]
apps/dat_ingest/tests/test_indicator_filter.py::TestIndicatorFilter::test_turma_codes_are_indicators PASSED [ 19%]
apps/dat_ingest/tests/test_super_date_parsing.py::TestSuperDateParsing::test_all_super_dates_should_parse_successfully PASSED [ 19%]
apps/dat_ingest/tests/test_super_date_parsing.py::TestSuperDateParsing::test_combine_datetime_with_none_returns_none PASSED [ 20%]
apps/dat_ingest/tests/test_super_date_parsing.py::TestSuperDateParsing::test_combine_datetime_with_valid_date_and_time PASSED [ 20%]
apps/dat_ingest/tests/test_super_date_parsing.py::TestSuperDateParsing::test_super_data_column_index_is_7 FAILED [ 20%]
apps/dat_ingest/tests/test_super_date_parsing.py::TestSuperDateParsing::test_super_municipio_column_index_is_4 FAILED [ 21%]
apps/dat_ingest/tests/test_super_date_parsing.py::TestSuperDateParsing::test_super_tipo_column_is_not_data FAILED [ 21%]
apps/dat_ingest/tests/test_external_hash_v2_backfill.py::TestBackfillExternalHashV2Apply::test_apply_persists_new_hash FAILED [ 21%]
apps/dat_ingest/tests/test_external_hash_v2_backfill.py::TestBackfillExternalHashV2Apply::test_apply_respects_uniqueness_no_duplicates FAILED [ 22%]
apps/dat_ingest/tests/test_external_hash_v2_backfill.py::TestBackfillExternalHashV2Apply::test_apply_unchanged_when_hash_already_v2 FAILED [ 22%]
apps/dat_ingest/tests/test_acompanhamento_normalize.py::test_norm_text PASSED [ 23%]
apps/dat_ingest/tests/test_acompanhamento_normalize.py::test_normalize_sector PASSED [ 23%]
apps/dat_ingest/tests/test_acompanhamento_normalize.py::test_split_municipios_super PASSED [ 23%]
apps/dat_ingest/tests/test_acompanhamento_normalize.py::test_parse_date_iso PASSED [ 24%]
apps/dat_ingest/tests/test_acompanhamento_normalize.py::test_parse_time_iso PASSED [ 24%]
apps/dat_ingest/tests/test_external_hash_v2_determinism.py::TestHashEventV2Determinism::test_same_input_same_hash_basic PASSED [ 24%]
apps/dat_ingest/tests/test_external_hash_v2_determinism.py::TestHashEventV2Determinism::test_same_input_same_hash_100_runs[0] PASSED [ 25%]
apps/dat_ingest/tests/test_external_hash_v2_determinism.py::TestHashEventV2Determinism::test_same_input_same_hash_100_runs[1] PASSED [ 25%]
apps/dat_ingest/tests/test_external_hash_v2_determinism.py::TestHashEventV2Determinism::test_same_input_same_hash_100_runs[2] PASSED [ 25%]
apps/dat_ingest/tests/test_external_hash_v2_determinism.py::TestHashEventV2Determinism::test_same_input_same_hash_100_runs[3] PASSED [ 26%]
apps/dat_ingest/tests/test_external_hash_v2_determinism.py::TestHashEventV2Determinism::test_same_input_same_hash_100_runs[4] PASSED [ 26%]
apps/dat_ingest/tests/test_external_hash_v2_determinism.py::TestHashEventV2Determinism::test_same_input_same_hash_100_runs[5] PASSED [ 26%]
apps/dat_ingest/tests/test_external_hash_v2_determinism.py::TestHashEventV2Determinism::test_same_input_same_hash_100_runs[6] PASSED [ 27%]
apps/dat_ingest/tests/test_external_hash_v2_determinism.py::TestHashEventV2Determinism::test_same_input_same_hash_100_runs[7] PASSED [ 27%]
apps/dat_ingest/tests/test_external_hash_v2_determinism.py::TestHashEventV2Determinism::test_same_input_same_hash_100_runs[8] PASSED [ 27%]
apps/dat_ingest/tests/test_external_hash_v2_determinism.py::TestHashEventV2Determinism::test_same_input_same_hash_100_runs[9] PASSED [ 28%]
apps/dat_ingest/tests/test_external_hash_v2_determinism.py::TestHashEventV2Determinism::test_same_input_same_hash_100_runs[10] PASSED [ 28%]
apps/dat_ingest/tests/test_external_hash_v2_determinism.py::TestHashEventV2Determinism::test_same_input_same_hash_100_runs[11] PASSED [ 28%]
apps/dat_ingest/tests/test_external_hash_v2_determinism.py::TestHashEventV2Determinism::test_same_input_same_hash_100_runs[12] PASSED [ 29%]
apps/dat_ingest/tests/test_external_hash_v2_determinism.py::TestHashEventV2Determinism::test_same_input_same_hash_100_runs[13] PASSED [ 29%]
apps/dat_ingest/tests/test_external_hash_v2_determinism.py::TestHashEventV2Determinism::test_same_input_same_hash_100_runs[14] PASSED [ 29%]
apps/dat_ingest/tests/test_external_hash_v2_determinism.py::TestHashEventV2Determinism::test_same_input_same_hash_100_runs[15] PASSED [ 30%]
apps/dat_ingest/tests/test_external_hash_v2_determinism.py::TestHashEventV2Determinism::test_same_input_same_hash_100_runs[16] PASSED [ 30%]
apps/dat_ingest/tests/test_external_hash_v2_determinism.py::TestHashEventV2Determinism::test_same_input_same_hash_100_runs[17] PASSED [ 30%]
apps/dat_ingest/tests/test_external_hash_v2_determinism.py::TestHashEventV2Determinism::test_same_input_same_hash_100_runs[18] PASSED [ 31%]
apps/dat_ingest/tests/test_external_hash_v2_determinism.py::TestHashEventV2Determinism::test_same_input_same_hash_100_runs[19] PASSED [ 31%]
apps/dat_ingest/tests/test_external_hash_v2_determinism.py::TestHashEventV2Determinism::test_same_input_same_hash_100_runs[20] PASSED [ 31%]
apps/dat_ingest/tests/test_external_hash_v2_determinism.py::TestHashEventV2Determinism::test_same_input_same_hash_100_runs[21] PASSED [ 32%]
apps/dat_ingest/tests/test_external_hash_v2_determinism.py::TestHashEventV2Determinism::test_same_input_same_hash_100_runs[22] PASSED [ 32%]
apps/dat_ingest/tests/test_external_hash_v2_determinism.py::TestHashEventV2Determinism::test_same_input_same_hash_100_runs[23] PASSED [ 32%]
apps/dat_ingest/tests/test_external_hash_v2_determinism.py::TestHashEventV2Determinism::test_same_input_same_hash_100_runs[24] PASSED [ 33%]
apps/dat_ingest/tests/test_external_hash_v2_determinism.py::TestHashEventV2Determinism::test_same_input_same_hash_100_runs[25] PASSED [ 33%]
apps/dat_ingest/tests/test_external_hash_v2_determinism.py::TestHashEventV2Determinism::test_same_input_same_hash_100_runs[26] PASSED [ 34%]
apps/dat_ingest/tests/test_external_hash_v2_determinism.py::TestHashEventV2Determinism::test_same_input_same_hash_100_runs[27] PASSED [ 34%]
apps/dat_ingest/tests/test_external_hash_v2_determinism.py::TestHashEventV2Determinism::test_same_input_same_hash_100_runs[28] PASSED [ 34%]
apps/dat_ingest/tests/test_external_hash_v2_determinism.py::TestHashEventV2Determinism::test_same_input_same_hash_100_runs[29] PASSED [ 35%]
apps/dat_ingest/tests/test_external_hash_v2_determinism.py::TestHashEventV2Determinism::test_same_input_same_hash_100_runs[30] PASSED [ 35%]
apps/dat_ingest/tests/test_external_hash_v2_determinism.py::TestHashEventV2Determinism::test_same_input_same_hash_100_runs[31] PASSED [ 35%]
apps/dat_ingest/tests/test_external_hash_v2_determinism.py::TestHashEventV2Determinism::test_same_input_same_hash_100_runs[32] PASSED [ 36%]
apps/dat_ingest/tests/test_external_hash_v2_determinism.py::TestHashEventV2Determinism::test_same_input_same_hash_100_runs[33] PASSED [ 36%]
apps/dat_ingest/tests/test_external_hash_v2_determinism.py::TestHashEventV2Determinism::test_same_input_same_hash_100_runs[34] PASSED [ 36%]
apps/dat_ingest/tests/test_external_hash_v2_determinism.py::TestHashEventV2Determinism::test_same_input_same_hash_100_runs[35] PASSED [ 37%]
apps/dat_ingest/tests/test_external_hash_v2_determinism.py::TestHashEventV2Determinism::test_same_input_same_hash_100_runs[36] PASSED [ 37%]
apps/dat_ingest/tests/test_external_hash_v2_determinism.py::TestHashEventV2Determinism::test_same_input_same_hash_100_runs[37] PASSED [ 37%]
apps/dat_ingest/tests/test_external_hash_v2_determinism.py::TestHashEventV2Determinism::test_same_input_same_hash_100_runs[38] PASSED [ 38%]
apps/dat_ingest/tests/test_external_hash_v2_determinism.py::TestHashEventV2Determinism::test_same_input_same_hash_100_runs[39] PASSED [ 38%]
apps/dat_ingest/tests/test_external_hash_v2_determinism.py::TestHashEventV2Determinism::test_same_input_same_hash_100_runs[40] PASSED [ 38%]
apps/dat_ingest/tests/test_external_hash_v2_determinism.py::TestHashEventV2Determinism::test_same_input_same_hash_100_runs[41] PASSED [ 39%]
apps/dat_ingest/tests/test_external_hash_v2_determinism.py::TestHashEventV2Determinism::test_same_input_same_hash_100_runs[42] PASSED [ 39%]
apps/dat_ingest/tests/test_external_hash_v2_determinism.py::TestHashEventV2Determinism::test_same_input_same_hash_100_runs[43] PASSED [ 39%]
apps/dat_ingest/tests/test_external_hash_v2_determinism.py::TestHashEventV2Determinism::test_same_input_same_hash_100_runs[44] PASSED [ 40%]
apps/dat_ingest/tests/test_external_hash_v2_determinism.py::TestHashEventV2Determinism::test_same_input_same_hash_100_runs[45] PASSED [ 40%]
apps/dat_ingest/tests/test_external_hash_v2_determinism.py::TestHashEventV2Determinism::test_same_input_same_hash_100_runs[46] PASSED [ 40%]
apps/dat_ingest/tests/test_external_hash_v2_determinism.py::TestHashEventV2Determinism::test_same_input_same_hash_100_runs[47] PASSED [ 41%]
apps/dat_ingest/tests/test_external_hash_v2_determinism.py::TestHashEventV2Determinism::test_same_input_same_hash_100_runs[48] PASSED [ 41%]
apps/dat_ingest/tests/test_external_hash_v2_determinism.py::TestHashEventV2Determinism::test_same_input_same_hash_100_runs[49] PASSED [ 41%]
apps/dat_ingest/tests/test_external_hash_v2_determinism.py::TestHashEventV2Determinism::test_same_input_same_hash_100_runs[50] PASSED [ 42%]
apps/dat_ingest/tests/test_external_hash_v2_determinism.py::TestHashEventV2Determinism::test_same_input_same_hash_100_runs[51] PASSED [ 42%]
apps/dat_ingest/tests/test_external_hash_v2_determinism.py::TestHashEventV2Determinism::test_same_input_same_hash_100_runs[52] PASSED [ 42%]
apps/dat_ingest/tests/test_external_hash_v2_determinism.py::TestHashEventV2Determinism::test_same_input_same_hash_100_runs[53] PASSED [ 43%]
apps/dat_ingest/tests/test_external_hash_v2_determinism.py::TestHashEventV2Determinism::test_same_input_same_hash_100_runs[54] PASSED [ 43%]
apps/dat_ingest/tests/test_external_hash_v2_determinism.py::TestHashEventV2Determinism::test_same_input_same_hash_100_runs[55] PASSED [ 43%]
apps/dat_ingest/tests/test_external_hash_v2_determinism.py::TestHashEventV2Determinism::test_same_input_same_hash_100_runs[56] PASSED [ 44%]
apps/dat_ingest/tests/test_external_hash_v2_determinism.py::TestHashEventV2Determinism::test_same_input_same_hash_100_runs[57] PASSED [ 44%]
apps/dat_ingest/tests/test_external_hash_v2_determinism.py::TestHashEventV2Determinism::test_same_input_same_hash_100_runs[58] PASSED [ 45%]
apps/dat_ingest/tests/test_external_hash_v2_determinism.py::TestHashEventV2Determinism::test_same_input_same_hash_100_runs[59] PASSED [ 45%]
apps/dat_ingest/tests/test_external_hash_v2_determinism.py::TestHashEventV2Determinism::test_same_input_same_hash_100_runs[60] PASSED [ 45%]
apps/dat_ingest/tests/test_external_hash_v2_determinism.py::TestHashEventV2Determinism::test_same_input_same_hash_100_runs[61] PASSED [ 46%]
apps/dat_ingest/tests/test_external_hash_v2_determinism.py::TestHashEventV2Determinism::test_same_input_same_hash_100_runs[62] PASSED [ 46%]
apps/dat_ingest/tests/test_external_hash_v2_determinism.py::TestHashEventV2Determinism::test_same_input_same_hash_100_runs[63] PASSED [ 46%]
apps/dat_ingest/tests/test_external_hash_v2_determinism.py::TestHashEventV2Determinism::test_same_input_same_hash_100_runs[64] PASSED [ 47%]
apps/dat_ingest/tests/test_external_hash_v2_determinism.py::TestHashEventV2Determinism::test_same_input_same_hash_100_runs[65] PASSED [ 47%]
apps/dat_ingest/tests/test_external_hash_v2_determinism.py::TestHashEventV2Determinism::test_same_input_same_hash_100_runs[66] PASSED [ 47%]
apps/dat_ingest/tests/test_external_hash_v2_determinism.py::TestHashEventV2Determinism::test_same_input_same_hash_100_runs[67] PASSED [ 48%]
apps/dat_ingest/tests/test_external_hash_v2_determinism.py::TestHashEventV2Determinism::test_same_input_same_hash_100_runs[68] PASSED [ 48%]
apps/dat_ingest/tests/test_external_hash_v2_determinism.py::TestHashEventV2Determinism::test_same_input_same_hash_100_runs[69] PASSED [ 48%]
apps/dat_ingest/tests/test_external_hash_v2_determinism.py::TestHashEventV2Determinism::test_same_input_same_hash_100_runs[70] PASSED [ 49%]
apps/dat_ingest/tests/test_external_hash_v2_determinism.py::TestHashEventV2Determinism::test_same_input_same_hash_100_runs[71] PASSED [ 49%]
apps/dat_ingest/tests/test_external_hash_v2_determinism.py::TestHashEventV2Determinism::test_same_input_same_hash_100_runs[72] PASSED [ 49%]
apps/dat_ingest/tests/test_external_hash_v2_determinism.py::TestHashEventV2Determinism::test_same_input_same_hash_100_runs[73] PASSED [ 50%]
apps/dat_ingest/tests/test_external_hash_v2_determinism.py::TestHashEventV2Determinism::test_same_input_same_hash_100_runs[74] PASSED [ 50%]
apps/dat_ingest/tests/test_external_hash_v2_determinism.py::TestHashEventV2Determinism::test_same_input_same_hash_100_runs[75] PASSED [ 50%]
apps/dat_ingest/tests/test_external_hash_v2_determinism.py::TestHashEventV2Determinism::test_same_input_same_hash_100_runs[76] PASSED [ 51%]
apps/dat_ingest/tests/test_external_hash_v2_determinism.py::TestHashEventV2Determinism::test_same_input_same_hash_100_runs[77] PASSED [ 51%]
apps/dat_ingest/tests/test_external_hash_v2_determinism.py::TestHashEventV2Determinism::test_same_input_same_hash_100_runs[78] PASSED [ 51%]
apps/dat_ingest/tests/test_external_hash_v2_determinism.py::TestHashEventV2Determinism::test_same_input_same_hash_100_runs[79] PASSED [ 52%]
apps/dat_ingest/tests/test_external_hash_v2_determinism.py::TestHashEventV2Determinism::test_same_input_same_hash_100_runs[80] PASSED [ 52%]
apps/dat_ingest/tests/test_external_hash_v2_determinism.py::TestHashEventV2Determinism::test_same_input_same_hash_100_runs[81] PASSED [ 52%]
apps/dat_ingest/tests/test_external_hash_v2_determinism.py::TestHashEventV2Determinism::test_same_input_same_hash_100_runs[82] PASSED [ 53%]
apps/dat_ingest/tests/test_external_hash_v2_determinism.py::TestHashEventV2Determinism::test_same_input_same_hash_100_runs[83] PASSED [ 53%]
apps/dat_ingest/tests/test_external_hash_v2_determinism.py::TestHashEventV2Determinism::test_same_input_same_hash_100_runs[84] PASSED [ 53%]
apps/dat_ingest/tests/test_external_hash_v2_determinism.py::TestHashEventV2Determinism::test_same_input_same_hash_100_runs[85] PASSED [ 54%]
apps/dat_ingest/tests/test_external_hash_v2_determinism.py::TestHashEventV2Determinism::test_same_input_same_hash_100_runs[86] PASSED [ 54%]
apps/dat_ingest/tests/test_external_hash_v2_determinism.py::TestHashEventV2Determinism::test_same_input_same_hash_100_runs[87] PASSED [ 54%]
apps/dat_ingest/tests/test_external_hash_v2_determinism.py::TestHashEventV2Determinism::test_same_input_same_hash_100_runs[88] PASSED [ 55%]
apps/dat_ingest/tests/test_external_hash_v2_determinism.py::TestHashEventV2Determinism::test_same_input_same_hash_100_runs[89] PASSED [ 55%]
apps/dat_ingest/tests/test_external_hash_v2_determinism.py::TestHashEventV2Determinism::test_same_input_same_hash_100_runs[90] PASSED [ 56%]
apps/dat_ingest/tests/test_external_hash_v2_determinism.py::TestHashEventV2Determinism::test_same_input_same_hash_100_runs[91] PASSED [ 56%]
apps/dat_ingest/tests/test_external_hash_v2_determinism.py::TestHashEventV2Determinism::test_same_input_same_hash_100_runs[92] PASSED [ 56%]
apps/dat_ingest/tests/test_external_hash_v2_determinism.py::TestHashEventV2Determinism::test_same_input_same_hash_100_runs[93] PASSED [ 57%]
apps/dat_ingest/tests/test_external_hash_v2_determinism.py::TestHashEventV2Determinism::test_same_input_same_hash_100_runs[94] PASSED [ 57%]
apps/dat_ingest/tests/test_external_hash_v2_determinism.py::TestHashEventV2Determinism::test_same_input_same_hash_100_runs[95] PASSED [ 57%]
apps/dat_ingest/tests/test_external_hash_v2_determinism.py::TestHashEventV2Determinism::test_same_input_same_hash_100_runs[96] PASSED [ 58%]
apps/dat_ingest/tests/test_external_hash_v2_determinism.py::TestHashEventV2Determinism::test_same_input_same_hash_100_runs[97] PASSED [ 58%]
apps/dat_ingest/tests/test_external_hash_v2_determinism.py::TestHashEventV2Determinism::test_same_input_same_hash_100_runs[98] PASSED [ 58%]
apps/dat_ingest/tests/test_external_hash_v2_determinism.py::TestHashEventV2Determinism::test_same_input_same_hash_100_runs[99] PASSED [ 59%]
apps/dat_ingest/tests/test_external_hash_v2_determinism.py::TestHashEventV2Determinism::test_whitespace_normalization_spaces PASSED [ 59%]
apps/dat_ingest/tests/test_external_hash_v2_determinism.py::TestHashEventV2Determinism::test_whitespace_normalization_multiple_spaces PASSED [ 59%]
apps/dat_ingest/tests/test_external_hash_v2_determinism.py::TestHashEventV2Determinism::test_accent_normalization PASSED [ 60%]
apps/dat_ingest/tests/test_external_hash_v2_determinism.py::TestHashEventV2Determinism::test_case_normalization PASSED [ 60%]
apps/dat_ingest/tests/test_external_hash_v2_determinism.py::TestHashEventV2Determinism::test_email_case_normalization PASSED [ 60%]
apps/dat_ingest/tests/test_external_hash_v2_determinism.py::TestHashEventV2Determinism::test_date_format_normalization_ddmmyyyy PASSED [ 61%]
apps/dat_ingest/tests/test_external_hash_v2_determinism.py::TestHashEventV2Determinism::test_time_format_normalization_with_seconds PASSED [ 61%]
apps/dat_ingest/tests/test_external_hash_v2_determinism.py::TestHashEventV2Determinism::test_minimal_change_produces_different_hash_formador2 PASSED [ 61%]
apps/dat_ingest/tests/test_external_hash_v2_determinism.py::TestHashEventV2Determinism::test_minimal_change_produces_different_hash_municipio PASSED [ 62%]
apps/dat_ingest/tests/test_external_hash_v2_determinism.py::TestHashEventV2Determinism::test_minimal_change_produces_different_hash_data PASSED [ 62%]
apps/dat_ingest/tests/test_external_hash_v2_determinism.py::TestHashEventV2Determinism::test_ideb_alias_normalization PASSED [ 62%]
apps/dat_ingest/tests/test_external_hash_v2_determinism.py::TestHashEventV2Determinism::test_super_aprovacao_included_in_hash PASSED [ 63%]
apps/dat_ingest/tests/test_external_hash_v2_determinism.py::TestHashEventV2Determinism::test_non_super_aprovacao_ignored_in_hash PASSED [ 63%]
apps/dat_ingest/tests/test_loaders.py::TestParseUsuarios::test_parses_usuarios_from_xlsx FAILED [ 63%]
apps/dat_ingest/tests/test_loaders.py::TestParseUsuarios::test_parses_usuario_fields FAILED [ 64%]
apps/dat_ingest/tests/test_loaders.py::TestParseUsuarios::test_normalizes_cpf FAILED [ 64%]
apps/dat_ingest/tests/test_loaders.py::TestParseUsuarios::test_normalizes_telefone FAILED [ 64%]
apps/dat_ingest/tests/test_loaders.py::TestParseUsuarios::test_parses_ativo_flag FAILED [ 65%]
apps/dat_ingest/tests/test_loaders.py::TestParseUsuarios::test_generates_cpf_if_missing FAILED [ 65%]
apps/dat_ingest/tests/test_loaders.py::TestParseUsuarios::test_includes_src_and_rownum PASSED [ 65%]
apps/dat_ingest/tests/test_loaders.py::TestExtractTiposEventoFromAgenda::test_extracts_unique_tipos PASSED [ 66%]
apps/dat_ingest/tests/test_loaders.py::TestExtractTiposEventoFromAgenda::test_extracts_formacao_presencial PASSED [ 66%]
apps/dat_ingest/tests/test_loaders.py::TestExtractTiposEventoFromAgenda::test_extracts_workshop PASSED [ 67%]
apps/dat_ingest/tests/test_loaders.py::TestExtractTiposEventoFromAgenda::test_removes_duplicates PASSED [ 67%]
apps/dat_ingest/tests/test_loaders.py::TestExtractTiposEventoFromAgenda::test_includes_metadata FAILED [ 67%]
apps/dat_ingest/tests/test_loaders.py::TestParseMunicipios::test_parses_municipios_from_xlsx FAILED [ 68%]
apps/dat_ingest/tests/test_loaders.py::TestParseMunicipios::test_parses_municipio_fields FAILED [ 68%]
apps/dat_ingest/tests/test_loaders.py::TestParseMunicipios::test_parses_ativo_flag FAILED [ 68%]
apps/dat_ingest/tests/test_loaders.py::TestParseMunicipios::test_includes_metadata FAILED [ 69%]
apps/dat_ingest/tests/test_loaders.py::TestParseProjetos::test_parses_projetos_from_xlsx FAILED [ 69%]
apps/dat_ingest/tests/test_loaders.py::TestParseProjetos::test_parses_projeto_fields FAILED [ 69%]
apps/dat_ingest/tests/test_loaders.py::TestParseProjetos::test_parses_ativo_flag PASSED [ 70%]
apps/dat_ingest/tests/test_loaders.py::TestParseProjetos::test_includes_metadata FAILED [ 70%]
apps/dat_ingest/tests/test_loaders.py::TestLoadersIntegration::test_all_loaders_return_lists_of_dicts PASSED [ 70%]
apps/dat_ingest/tests/test_loaders.py::TestLoadersIntegration::test_all_loaders_handle_empty_files PASSED [ 71%]
apps/dat_ingest/tests/test_loaders.py::TestLoadersIntegration::test_all_loaders_handle_missing_sheets PASSED [ 71%]
apps/dat_ingest/tests/test_loaders.py::TestLoadersIntegration::test_loaders_preserve_data_integrity FAILED [ 71%]
apps/dat_ingest/tests/test_normalizers.py::TestNormalizeStr::test_removes_leading_trailing_spaces PASSED [ 72%]
apps/dat_ingest/tests/test_normalizers.py::TestNormalizeStr::test_collapses_multiple_spaces PASSED [ 72%]
apps/dat_ingest/tests/test_normalizers.py::TestNormalizeStr::test_returns_empty_string_for_none PASSED [ 72%]
apps/dat_ingest/tests/test_normalizers.py::TestNormalizeStr::test_converts_to_string PASSED [ 73%]
apps/dat_ingest/tests/test_normalizers.py::TestNormalizeStr::test_handles_empty_string PASSED [ 73%]
apps/dat_ingest/tests/test_normalizers.py::TestNormalizeCpf::test_removes_formatting PASSED [ 73%]
apps/dat_ingest/tests/test_normalizers.py::TestNormalizeCpf::test_handles_cpf_without_formatting PASSED [ 74%]
apps/dat_ingest/tests/test_normalizers.py::TestNormalizeCpf::test_pads_with_zeros_if_less_than_11_digits FAILED [ 74%]
apps/dat_ingest/tests/test_normalizers.py::TestNormalizeCpf::test_handles_float_cpf FAILED [ 74%]
apps/dat_ingest/tests/test_normalizers.py::TestNormalizeCpf::test_returns_empty_string_for_none PASSED [ 75%]
apps/dat_ingest/tests/test_normalizers.py::TestNormalizeCpf::test_truncates_if_more_than_11_digits FAILED [ 75%]
apps/dat_ingest/tests/test_normalizers.py::TestNormalizeTelefone::test_removes_formatting PASSED [ 75%]
apps/dat_ingest/tests/test_normalizers.py::TestNormalizeTelefone::test_handles_telefone_without_formatting PASSED [ 76%]
apps/dat_ingest/tests/test_normalizers.py::TestNormalizeTelefone::test_handles_float_telefone FAILED [ 76%]
apps/dat_ingest/tests/test_normalizers.py::TestNormalizeTelefone::test_returns_empty_string_for_none PASSED [ 76%]
apps/dat_ingest/tests/test_normalizers.py::TestNormalizeTelefone::test_removes_spaces_and_hyphens PASSED [ 77%]
apps/dat_ingest/tests/test_normalizers.py::TestNormalizeEmail::test_converts_to_lowercase PASSED [ 77%]
apps/dat_ingest/tests/test_normalizers.py::TestNormalizeEmail::test_removes_leading_trailing_spaces PASSED [ 78%]
apps/dat_ingest/tests/test_normalizers.py::TestNormalizeEmail::test_returns_empty_string_for_none PASSED [ 78%]
apps/dat_ingest/tests/test_normalizers.py::TestNormalizeEmail::test_handles_valid_email PASSED [ 78%]
apps/dat_ingest/tests/test_normalizers.py::TestNormalizeUf::test_converts_ceara_to_ce PASSED [ 79%]
apps/dat_ingest/tests/test_normalizers.py::TestNormalizeUf::test_converts_sao_paulo_to_sp PASSED [ 79%]
apps/dat_ingest/tests/test_normalizers.py::TestNormalizeUf::test_handles_sigla_already PASSED [ 79%]
apps/dat_ingest/tests/test_normalizers.py::TestNormalizeUf::test_handles_lowercase_sigla PASSED [ 80%]
apps/dat_ingest/tests/test_normalizers.py::TestNormalizeUf::test_returns_empty_string_for_unknown FAILED [ 80%]
apps/dat_ingest/tests/test_normalizers.py::TestNormalizeUf::test_returns_empty_string_for_none PASSED [ 80%]
apps/dat_ingest/tests/test_normalizers.py::TestTitlecase::test_capitalizes_first_letter_of_words PASSED [ 81%]
apps/dat_ingest/tests/test_normalizers.py::TestTitlecase::test_preserves_conectores_lowercase PASSED [ 81%]
apps/dat_ingest/tests/test_normalizers.py::TestTitlecase::test_handles_multiple_conectores PASSED [ 81%]
apps/dat_ingest/tests/test_normalizers.py::TestTitlecase::test_returns_empty_string_for_none PASSED [ 82%]
apps/dat_ingest/tests/test_normalizers.py::TestParseBool::test_parses_sim_as_true PASSED [ 82%]
apps/dat_ingest/tests/test_normalizers.py::TestParseBool::test_parses_nao_as_false PASSED [ 82%]
apps/dat_ingest/tests/test_normalizers.py::TestParseBool::test_parses_1_as_true PASSED [ 83%]
apps/dat_ingest/tests/test_normalizers.py::TestParseBool::test_parses_0_as_false FAILED [ 83%]
apps/dat_ingest/tests/test_normalizers.py::TestParseBool::test_parses_true_false_strings PASSED [ 83%]
apps/dat_ingest/tests/test_normalizers.py::TestParseBool::test_case_insensitive PASSED [ 84%]
apps/dat_ingest/tests/test_normalizers.py::TestNormalizeText::test_removes_accents FAILED [ 84%]
apps/dat_ingest/tests/test_normalizers.py::TestNormalizeText::test_removes_special_characters FAILED [ 84%]
apps/dat_ingest/tests/test_normalizers.py::TestNormalizeText::test_converts_to_lowercase FAILED [ 85%]
apps/dat_ingest/tests/test_normalizers.py::TestNormalizeText::test_collapses_spaces FAILED [ 85%]
apps/dat_ingest/tests/test_normalizers.py::TestNormalizeText::test_returns_empty_string_for_none PASSED [ 85%]
apps/dat_ingest/tests/test_normalizers.py::TestParseTime::test_parses_hhmm_format PASSED [ 86%]
apps/dat_ingest/tests/test_normalizers.py::TestParseTime::test_parses_hh_format FAILED [ 86%]
apps/dat_ingest/tests/test_normalizers.py::TestParseTime::test_parses_excel_float FAILED [ 86%]
apps/dat_ingest/tests/test_normalizers.py::TestParseTime::test_returns_none_for_invalid PASSED [ 87%]
apps/dat_ingest/tests/test_normalizers.py::TestParseTime::test_returns_none_for_none PASSED [ 87%]
apps/dat_ingest/tests/test_normalizers.py::TestParseDatetime::test_parses_date_and_time_strings FAILED [ 87%]
apps/dat_ingest/tests/test_normalizers.py::TestParseDatetime::test_returns_none_if_date_is_none FAILED [ 88%]
apps/dat_ingest/tests/test_normalizers.py::TestParseDatetime::test_defaults_to_00_00_if_time_is_none FAILED [ 88%]
apps/dat_ingest/tests/test_normalizers.py::TestSplitMunicipioUf::test_splits_municipio_uf_with_hyphen PASSED [ 89%]
apps/dat_ingest/tests/test_normalizers.py::TestSplitMunicipioUf::test_splits_municipio_uf_with_slash FAILED [ 89%]
apps/dat_ingest/tests/test_normalizers.py::TestSplitMunicipioUf::test_returns_none_uf_if_no_separator PASSED [ 89%]
apps/dat_ingest/tests/test_normalizers.py::TestSplitMunicipioUf::test_returns_empty_strings_for_none PASSED [ 90%]
apps/dat_ingest/tests/test_normalizers.py::TestMakeSha256Hash::test_generates_consistent_hash FAILED [ 90%]
apps/dat_ingest/tests/test_normalizers.py::TestMakeSha256Hash::test_different_inputs_generate_different_hashes FAILED [ 90%]
apps/dat_ingest/tests/test_normalizers.py::TestMakeSha256Hash::test_hash_is_64_chars PASSED [ 91%]
apps/dat_ingest/tests/test_normalizers.py::TestMakeSha256Hash::test_handles_none_values FAILED [ 91%]
apps/dat_ingest/tests/test_normalizers.py::TestGenerateCpfFromEmail::test_generates_11_digit_cpf PASSED [ 91%]
apps/dat_ingest/tests/test_normalizers.py::TestGenerateCpfFromEmail::test_generates_consistent_cpf_for_same_email PASSED [ 92%]
apps/dat_ingest/tests/test_normalizers.py::TestGenerateCpfFromEmail::test_different_emails_generate_different_cpfs PASSED [ 92%]
apps/dat_ingest/tests/test_normalizers.py::TestMakeIsoDatetime::test_converts_datetime_to_iso_string PASSED [ 92%]
apps/dat_ingest/tests/test_normalizers.py::TestMakeIsoDatetime::test_returns_empty_string_for_none PASSED [ 93%]
apps/dat_ingest/tests/test_normalizers.py::TestValidateRowData::test_returns_true_for_valid_row FAILED [ 93%]
apps/dat_ingest/tests/test_normalizers.py::TestValidateRowData::test_returns_false_if_required_field_missing FAILED [ 93%]
apps/dat_ingest/tests/test_normalizers.py::TestValidateRowData::test_returns_false_if_required_field_is_empty FAILED [ 94%]
apps/dat_ingest/tests/test_normalizers.py::TestValidateRowData::test_returns_false_if_required_field_is_none FAILED [ 94%]
apps/dat_ingest/tests/test_processors.py::TestAgendaProcessor::test_processes_super_sheet_successfully FAILED [ 94%]
apps/dat_ingest/tests/test_processors.py::TestAgendaProcessor::test_resolves_coordenador_email FAILED [ 95%]
apps/dat_ingest/tests/test_processors.py::TestAgendaProcessor::test_resolves_formadores_emails FAILED [ 95%]
apps/dat_ingest/tests/test_processors.py::TestAgendaProcessor::test_tracks_missing_people FAILED [ 95%]
apps/dat_ingest/tests/test_processors.py::TestAgendaProcessor::test_generates_unique_event_uid FAILED [ 96%]
apps/dat_ingest/tests/test_processors.py::TestAgendaProcessor::test_parses_municipio_with_uf FAILED [ 96%]
apps/dat_ingest/tests/test_processors.py::TestDisponibilidadeProcessor::test_processes_bloqueios_sheet FAILED [ 96%]
apps/dat_ingest/tests/test_processors.py::TestDisponibilidadeProcessor::test_parses_bloqueio_tipo_total FAILED [ 97%]
apps/dat_ingest/tests/test_processors.py::TestDisponibilidadeProcessor::test_parses_bloqueio_tipo_parcial FAILED [ 97%]
apps/dat_ingest/tests/test_processors.py::TestDisponibilidadeProcessor::test_combines_date_and_time_to_datetime FAILED [ 97%]
apps/dat_ingest/tests/test_processors.py::TestControleProcessor::test_processes_compras_sheet FAILED [ 98%]
apps/dat_ingest/tests/test_processors.py::TestControleProcessor::test_parses_compra_fields FAILED [ 98%]
apps/dat_ingest/tests/test_processors.py::TestControleProcessor::test_parses_municipio_with_uf_in_compras FAILED [ 98%]
apps/dat_ingest/tests/test_processors.py::TestControleProcessor::test_handles_empty_sheets_gracefully FAILED [ 99%]
apps/dat_ingest/tests/test_processors.py::TestProcessorsIntegration::test_all_processors_return_dataframes FAILED [ 99%]
apps/dat_ingest/tests/test_processors.py::TestProcessorsIntegration::test_processors_handle_missing_sheets FAILED [100%]

==================================== ERRORS ====================================
_ ERROR at teardown of TestBackfillExternalHashV2DryRun.test_dry_run_shows_would_update_count _
E   psycopg.errors.ForeignKeyViolation: insert or update on table "core_solicitacao" violates foreign key constraint "core_solicitacao_usuario_id_e42889f5_fk_core_usuario_id"
    DETAIL:  Key (usuario_id)=(1) is not present in table "core_usuario".

The above exception was the direct cause of the following exception:
E   django.db.utils.IntegrityError: insert or update on table "core_solicitacao" violates foreign key constraint "core_solicitacao_usuario_id_e42889f5_fk_core_usuario_id"
    DETAIL:  Key (usuario_id)=(1) is not present in table "core_usuario".
_ ERROR at teardown of TestBackfillExternalHashV2DryRun.test_dry_run_with_limit _
E   psycopg.errors.ForeignKeyViolation: insert or update on table "core_solicitacao" violates foreign key constraint "core_solicitacao_usuario_id_e42889f5_fk_core_usuario_id"
    DETAIL:  Key (usuario_id)=(1) is not present in table "core_usuario".

The above exception was the direct cause of the following exception:
E   django.db.utils.IntegrityError: insert or update on table "core_solicitacao" violates foreign key constraint "core_solicitacao_usuario_id_e42889f5_fk_core_usuario_id"
    DETAIL:  Key (usuario_id)=(1) is not present in table "core_usuario".
_ ERROR at teardown of TestBackfillCollisionsReport.test_collision_file_generated_when_collisions_exist _
E   psycopg.errors.ForeignKeyViolation: insert or update on table "core_solicitacao" violates foreign key constraint "core_solicitacao_usuario_id_e42889f5_fk_core_usuario_id"
    DETAIL:  Key (usuario_id)=(1) is not present in table "core_usuario".

The above exception was the direct cause of the following exception:
E   django.db.utils.IntegrityError: insert or update on table "core_solicitacao" violates foreign key constraint "core_solicitacao_usuario_id_e42889f5_fk_core_usuario_id"
    DETAIL:  Key (usuario_id)=(1) is not present in table "core_usuario".
----------------------------- Captured stdout call -----------------------------

================================================================================
BACKFILL EXTERNAL_HASH V2 (PR21)
================================================================================
Modo: DRY-RUN
Limit: Todas as solicitações
📊 Total de solicitações: 2
❌ Erro na solicitação 5: Usuario matching query does not exist.
❌ Erro na solicitação 4: Usuario matching query does not exist.

--------------------------------------------------------------------------------
📊 SUMÁRIO:
   Total processadas: 2
   Would update: 0
   Unchanged: 0
   Errors: 2
   Colisões detectadas: 0
--------------------------------------------------------------------------------

✅ Nenhuma colisão detectada!

⚠️  DRY-RUN: Use --apply para atualizar

✅ Backfill concluído!
=================================== FAILURES ===================================
/usr/local/lib/python3.11/site-packages/django/core/management/__init__.py:112: django.core.management.base.CommandError: Unknown command: 'load_tipos_evento'
/usr/local/lib/python3.11/site-packages/django/core/management/__init__.py:112: django.core.management.base.CommandError: Unknown command: 'load_tipos_evento'
/usr/local/lib/python3.11/site-packages/django/core/management/__init__.py:112: django.core.management.base.CommandError: Unknown command: 'load_tipos_evento'
/usr/local/lib/python3.11/site-packages/django/core/management/__init__.py:112: django.core.management.base.CommandError: Unknown command: 'load_tipos_evento'
/usr/local/lib/python3.11/site-packages/django/core/management/__init__.py:112: django.core.management.base.CommandError: Unknown command: 'load_full_pipeline'
/usr/local/lib/python3.11/site-packages/django/core/management/__init__.py:112: django.core.management.base.CommandError: Unknown command: 'load_full_pipeline'
/usr/local/lib/python3.11/site-packages/django/core/management/__init__.py:112: django.core.management.base.CommandError: Unknown command: 'load_full_pipeline'
/usr/local/lib/python3.11/site-packages/django/core/management/__init__.py:112: django.core.management.base.CommandError: Unknown command: 'load_full_pipeline'
/usr/local/lib/python3.11/site-packages/django/core/management/__init__.py:112: django.core.management.base.CommandError: Unknown command: 'load_full_pipeline'
/app/apps/dat_ingest/tests/test_commands.py:286: NameError: name 'StgEvento' is not defined
/app/apps/dat_ingest/tests/test_commands.py:304: NameError: name 'StgEvento' is not defined
/app/apps/dat_ingest/tests/test_commands.py:328: NameError: name 'StgEvento' is not defined
/usr/local/lib/python3.11/site-packages/django/core/management/__init__.py:112: django.core.management.base.CommandError: Unknown command: 'load_full_pipeline'
/usr/local/lib/python3.11/site-packages/django/core/management/__init__.py:112: django.core.management.base.CommandError: Unknown command: 'load_full_pipeline'
/usr/local/lib/python3.11/site-packages/django/core/management/__init__.py:112: django.core.management.base.CommandError: Unknown command: 'load_full_pipeline'
/usr/local/lib/python3.11/site-packages/django/core/management/__init__.py:112: django.core.management.base.CommandError: Unknown command: 'load_tipos_evento'
/app/apps/dat_ingest/tests/test_etl_acompanhamento_idempotency.py:124: assert 0 == 1
/app/apps/dat_ingest/tests/test_etl_acompanhamento_rules.py:94: assert 0 == 2
/app/apps/dat_ingest/tests/test_etl_acompanhamento_rules.py:160: assert 0 == 1
/app/apps/dat_ingest/tests/test_etl_gates_abort_on_thresholds.py:116: Failed: ETL abortou indevidamente: ❌ Quality gates violated (1 gate(s)). Apply aborted.
/app/apps/dat_ingest/tests/test_etl_gates_abort_on_thresholds.py:163: AssertionError: Regex pattern did not match.
/app/apps/dat_ingest/tests/test_etl_gates_abort_on_thresholds.py:511: AssertionError: assert False
/app/apps/dat_ingest/tests/test_etl_idempotency.py:155: AssertionError: Deve ter criado 2 usuários
/app/apps/dat_ingest/tests/test_etl_idempotency.py:174: assert 0 == 2
/app/apps/dat_ingest/tests/test_etl_idempotency.py:198: assert 0 == 2
/app/apps/dat_ingest/tests/test_etl_idempotency.py:254: assert 0 == 2
/app/apps/dat_ingest/tests/test_etl_idempotency.py:285: AssertionError: Dry-run não deve criar SSOT records
/usr/local/lib/python3.11/site-packages/django/db/models/query.py:649: apps.core.models.Usuario.DoesNotExist: Usuario matching query does not exist.
/usr/local/lib/python3.11/site-packages/psycopg/cursor.py:97: django.db.utils.IntegrityError: insert or update on table "core_solicitacao" violates foreign key constraint "core_solicitacao_usuario_id_e42889f5_fk_core_usuario_id"
/usr/local/lib/python3.11/unittest/case.py:579: TypeError: TestBackfillExternalHashV2DryRun.test_dry_run_shows_would_update_count() missing 1 required positional argument: 'capsys'
/usr/local/lib/python3.11/site-packages/django/db/models/base.py:567: TypeError: Solicitacao() got unexpected keyword arguments: 'data'
/app/apps/dat_ingest/tests/test_external_hash_v2_backfill.py:381: AssertionError: assert False
/usr/local/lib/python3.11/site-packages/psycopg/cursor.py:97: django.db.utils.IntegrityError: insert or update on table "core_solicitacao" violates foreign key constraint "core_solicitacao_usuario_id_e42889f5_fk_core_usuario_id"
/usr/local/lib/python3.11/unittest/case.py:866: AssertionError: 0 != 1
/usr/local/lib/python3.11/unittest/case.py:866: AssertionError: 0 != 1
/usr/local/lib/python3.11/unittest/case.py:866: AssertionError: 0 != 1
/usr/local/lib/python3.11/site-packages/psycopg/cursor.py:97: django.db.utils.IntegrityError: insert or update on table "core_solicitacao" violates foreign key constraint "core_solicitacao_usuario_id_e42889f5_fk_core_usuario_id"
/usr/local/lib/python3.11/site-packages/psycopg/cursor.py:97: django.db.utils.IntegrityError: insert or update on table "core_solicitacao" violates foreign key constraint "core_solicitacao_usuario_id_e42889f5_fk_core_usuario_id"
/usr/local/lib/python3.11/site-packages/psycopg/cursor.py:97: django.db.utils.IntegrityError: insert or update on table "core_solicitacao" violates foreign key constraint "core_solicitacao_usuario_id_e42889f5_fk_core_usuario_id"
/app/apps/dat_ingest/tests/test_loaders.py:140: AssertionError: Deve ter 3 usuários (incluindo inativos)
/app/apps/dat_ingest/tests/test_loaders.py:147: AssertionError: assert '12345678901' == 'João Silva'
/app/apps/dat_ingest/tests/test_loaders.py:158: AssertionError: CPF deve estar sem formatação
/app/apps/dat_ingest/tests/test_loaders.py:165: AssertionError: Telefone deve estar sem formatação
/app/apps/dat_ingest/tests/test_loaders.py:173: IndexError: list index out of range
/app/apps/dat_ingest/tests/test_loaders.py:179: IndexError: list index out of range
/app/apps/dat_ingest/tests/test_loaders.py:237: AssertionError: assert 'agenda.xlsx/Super' == 'agenda.xlsx'
/app/apps/dat_ingest/tests/test_loaders.py:248: AssertionError: Deve ter 4 municípios (incluindo inativos)
/app/apps/dat_ingest/tests/test_loaders.py:254: IndexError: list index out of range
/app/apps/dat_ingest/tests/test_loaders.py:262: IndexError: list index out of range
/app/apps/dat_ingest/tests/test_loaders.py:269: IndexError: list index out of range
/app/apps/dat_ingest/tests/test_loaders.py:281: AssertionError: Deve ter 3 projetos
/app/apps/dat_ingest/tests/test_loaders.py:287: IndexError: list index out of range
/app/apps/dat_ingest/tests/test_loaders.py:301: IndexError: list index out of range
/app/apps/dat_ingest/tests/test_loaders.py:361: AssertionError: assert '12345678901' == 'João Silva'
/app/apps/dat_ingest/tests/test_normalizers.py:58: AssertionError: assert '123456789' == '00123456789'
/app/apps/dat_ingest/tests/test_normalizers.py:62: AssertionError: assert '123456789010' == '12345678901'
/app/apps/dat_ingest/tests/test_normalizers.py:68: AssertionError: assert '123456789012345' == '12345678901'
/app/apps/dat_ingest/tests/test_normalizers.py:81: AssertionError: assert '859999999990' == '85999999999'
/app/apps/dat_ingest/tests/test_normalizers.py:122: AssertionError: assert 'UN' == ''
/app/apps/dat_ingest/tests/test_normalizers.py:158: assert True is False
/app/apps/dat_ingest/tests/test_normalizers.py:174: AssertionError: assert 'João José' == 'joao jose'
/app/apps/dat_ingest/tests/test_normalizers.py:177: AssertionError: assert 'Olá! Como vai?' == 'ola como vai'
/app/apps/dat_ingest/tests/test_normalizers.py:180: AssertionError: assert 'JOÃO SILVA' == 'joao silva'
/app/apps/dat_ingest/tests/test_normalizers.py:183: AssertionError: assert 'João Silva' == 'joao silva'
/app/apps/dat_ingest/tests/test_normalizers.py:199: AttributeError: 'NoneType' object has no attribute 'hour'
/app/apps/dat_ingest/tests/test_normalizers.py:205: AttributeError: 'NoneType' object has no attribute 'hour'
/app/apps/dat_ingest/tests/test_normalizers.py:219: TypeError: parse_datetime() takes 1 positional argument but 2 were given
/app/apps/dat_ingest/tests/test_normalizers.py:227: TypeError: parse_datetime() takes 1 positional argument but 2 were given
/app/apps/dat_ingest/tests/test_normalizers.py:230: TypeError: parse_datetime() takes 1 positional argument but 2 were given
/app/apps/dat_ingest/tests/test_normalizers.py:245: AssertionError: assert 'Fortaleza/CE' == 'Fortaleza'
/app/apps/dat_ingest/tests/test_normalizers.py:263: TypeError: make_sha256_hash() takes 1 positional argument but 2 were given
/app/apps/dat_ingest/tests/test_normalizers.py:268: TypeError: make_sha256_hash() takes 1 positional argument but 2 were given
/app/apps/dat_ingest/tests/test_normalizers.py:278: TypeError: make_sha256_hash() takes 1 positional argument but 2 were given
/app/apps/dat_ingest/tests/test_normalizers.py:320: TypeError: validate_row_data() takes 1 positional argument but 2 were given
/app/apps/dat_ingest/tests/test_normalizers.py:325: TypeError: validate_row_data() takes 1 positional argument but 2 were given
/app/apps/dat_ingest/tests/test_normalizers.py:330: TypeError: validate_row_data() takes 1 positional argument but 2 were given
/app/apps/dat_ingest/tests/test_normalizers.py:335: TypeError: validate_row_data() takes 1 positional argument but 2 were given
/app/apps/dat_ingest/tests/test_processors.py:150: TypeError: AgendaProcessor.__init__() takes 2 positional arguments but 3 were given
/app/apps/dat_ingest/tests/test_processors.py:175: TypeError: AgendaProcessor.__init__() takes 2 positional arguments but 3 were given
/app/apps/dat_ingest/tests/test_processors.py:186: TypeError: AgendaProcessor.__init__() takes 2 positional arguments but 3 were given
/app/apps/dat_ingest/tests/test_processors.py:205: TypeError: AgendaProcessor.__init__() takes 2 positional arguments but 3 were given
/app/apps/dat_ingest/tests/test_processors.py:215: TypeError: AgendaProcessor.__init__() takes 2 positional arguments but 3 were given
/app/apps/dat_ingest/tests/test_processors.py:226: TypeError: AgendaProcessor.__init__() takes 2 positional arguments but 3 were given
/app/apps/dat_ingest/tests/test_processors.py:246: AssertionError: assert 'bloqueios' in []
/app/apps/dat_ingest/tests/test_processors.py:256: TypeError: list indices must be integers or slices, not str
/app/apps/dat_ingest/tests/test_processors.py:267: TypeError: list indices must be integers or slices, not str
/app/apps/dat_ingest/tests/test_processors.py:278: TypeError: list indices must be integers or slices, not str
/app/apps/dat_ingest/tests/test_processors.py:297: AssertionError: assert 'compras' in []
/app/apps/dat_ingest/tests/test_processors.py:307: TypeError: list indices must be integers or slices, not str
/app/apps/dat_ingest/tests/test_processors.py:320: TypeError: list indices must be integers or slices, not str
/app/apps/dat_ingest/tests/test_processors.py:342: TypeError: list indices must be integers or slices, not str
/app/apps/dat_ingest/tests/test_processors.py:354: TypeError: AgendaProcessor.__init__() takes 2 positional arguments but 3 were given
/app/apps/dat_ingest/tests/test_processors.py:385: TypeError: list indices must be integers or slices, not str
=========================== short test summary info ============================
FAILED apps/dat_ingest/tests/test_commands.py::TestLoadTiposEventoCommand::test_command_exists - django.core.management.base.CommandError: Unknown command: 'load_tipos_evento'
FAILED apps/dat_ingest/tests/test_commands.py::TestLoadTiposEventoCommand::test_loads_tipos_evento_from_agenda - django.core.management.base.CommandError: Unknown command: 'load_tipos_evento'
FAILED apps/dat_ingest/tests/test_commands.py::TestLoadTiposEventoCommand::test_dry_run_does_not_persist - django.core.management.base.CommandError: Unknown command: 'load_tipos_evento'
FAILED apps/dat_ingest/tests/test_commands.py::TestLoadTiposEventoCommand::test_is_idempotent - django.core.management.base.CommandError: Unknown command: 'load_tipos_evento'
FAILED apps/dat_ingest/tests/test_commands.py::TestLoadFullPipelineCommand::test_command_exists - django.core.management.base.CommandError: Unknown command: 'load_full_pipeline'
FAILED apps/dat_ingest/tests/test_commands.py::TestLoadFullPipelineCommand::test_loads_usuarios - django.core.management.base.CommandError: Unknown command: 'load_full_pipeline'
FAILED apps/dat_ingest/tests/test_commands.py::TestLoadFullPipelineCommand::test_loads_municipios - django.core.management.base.CommandError: Unknown command: 'load_full_pipeline'
FAILED apps/dat_ingest/tests/test_commands.py::TestLoadFullPipelineCommand::test_loads_projetos - django.core.management.base.CommandError: Unknown command: 'load_full_pipeline'
FAILED apps/dat_ingest/tests/test_commands.py::TestLoadFullPipelineCommand::test_loads_tipos_evento - django.core.management.base.CommandError: Unknown command: 'load_full_pipeline'
FAILED apps/dat_ingest/tests/test_commands.py::TestLoadFullPipelineCommand::test_loads_eventos_to_staging - NameError: name 'StgEvento' is not defined
FAILED apps/dat_ingest/tests/test_commands.py::TestLoadFullPipelineCommand::test_dry_run_does_not_persist - NameError: name 'StgEvento' is not defined
FAILED apps/dat_ingest/tests/test_commands.py::TestLoadFullPipelineCommand::test_full_pipeline_is_idempotent - NameError: name 'StgEvento' is not defined
FAILED apps/dat_ingest/tests/test_commands.py::TestLoadFullPipelineCommand::test_handles_optional_files - django.core.management.base.CommandError: Unknown command: 'load_full_pipeline'
FAILED apps/dat_ingest/tests/test_commands.py::TestLoadFullPipelineCommand::test_processes_optional_disponibilidade - django.core.management.base.CommandError: Unknown command: 'load_full_pipeline'
FAILED apps/dat_ingest/tests/test_commands.py::TestLoadFullPipelineCommand::test_processes_optional_controle - django.core.management.base.CommandError: Unknown command: 'load_full_pipeline'
FAILED apps/dat_ingest/tests/test_commands.py::TestCommandsIntegration::test_load_tipos_evento_then_full_pipeline - django.core.management.base.CommandError: Unknown command: 'load_tipos_evento'
FAILED apps/dat_ingest/tests/test_etl_acompanhamento_idempotency.py::test_two_runs_no_duplicates - assert 0 == 1
 +  where 0 = count()
 +    where count = <django.db.models.manager.Manager object at 0x7cb0c08c16d0>.count
 +      where <django.db.models.manager.Manager object at 0x7cb0c08c16d0> = Solicitacao.objects
FAILED apps/dat_ingest/tests/test_etl_acompanhamento_rules.py::test_super_multi_municipio - assert 0 == 2
 +  where 0 = count()
 +    where count = <django.db.models.manager.Manager object at 0x7cb0c08c16d0>.count
 +      where <django.db.models.manager.Manager object at 0x7cb0c08c16d0> = Solicitacao.objects
FAILED apps/dat_ingest/tests/test_etl_acompanhamento_rules.py::test_outros_sem_formador_duplica_coordenador - assert 0 == 1
 +  where 0 = count()
 +    where count = <django.db.models.manager.Manager object at 0x7cb0c08c16d0>.count
 +      where <django.db.models.manager.Manager object at 0x7cb0c08c16d0> = Solicitacao.objects
FAILED apps/dat_ingest/tests/test_etl_gates_abort_on_thresholds.py::TestETLGatesDuplicates::test_allow_when_duplicates_below_threshold - Failed: ETL abortou indevidamente: ❌ Quality gates violated (1 gate(s)). Apply aborted.
  - ETL_MAX_DUPLICATES_PCT: Duplicates threshold violated: 99.05% > 10.0%
FAILED apps/dat_ingest/tests/test_etl_gates_abort_on_thresholds.py::TestETLGatesUnknownUsers::test_abort_when_unknown_users_exceed_threshold - AssertionError: Regex pattern did not match.
 Regex: 'Unknown users.*threshold'
 Input: '❌ Quality gates violated (1 gate(s)). Apply aborted.\n  - ETL_MAX_DUPLICATES_PCT: Duplicates threshold violated: 99.0% > 1.0%'
FAILED apps/dat_ingest/tests/test_etl_gates_abort_on_thresholds.py::TestETLGatesMetricsReporting::test_violations_file_generated_when_gates_violated - AssertionError: assert False
 +  where False = exists()
 +    where exists = PosixPath('/app/.agents/outbox/etl_violations.csv').exists
FAILED apps/dat_ingest/tests/test_etl_idempotency.py::TestETLIdempotency::test_etl_upsert_core_idempotent_usuarios - AssertionError: Deve ter criado 2 usuários
assert 3 == 2
FAILED apps/dat_ingest/tests/test_etl_idempotency.py::TestETLIdempotency::test_etl_upsert_core_idempotent_municipios - assert 0 == 2
 +  where 0 = count()
 +    where count = <django.db.models.manager.Manager object at 0x7cb0f2239750>.count
 +      where <django.db.models.manager.Manager object at 0x7cb0f2239750> = StgMunicipio.objects
FAILED apps/dat_ingest/tests/test_etl_idempotency.py::TestETLIdempotency::test_etl_upsert_core_idempotent_projetos - assert 0 == 2
 +  where 0 = count()
 +    where count = <django.db.models.manager.Manager object at 0x7cb0c1dd8fd0>.count
 +      where <django.db.models.manager.Manager object at 0x7cb0c1dd8fd0> = StgProjeto.objects
FAILED apps/dat_ingest/tests/test_etl_idempotency.py::TestETLIdempotency::test_etl_all_full_pipeline_idempotent - assert 0 == 2
FAILED apps/dat_ingest/tests/test_etl_idempotency.py::TestETLIdempotency::test_dry_run_does_not_persist - AssertionError: Dry-run não deve criar SSOT records
assert 1 == 0
 +  where 1 = count()
 +    where count = <django.contrib.auth.models.UserManager object at 0x7cb0f1f8c350>.count
 +      where <django.contrib.auth.models.UserManager object at 0x7cb0f1f8c350> = Usuario.objects
FAILED apps/dat_ingest/tests/test_etl_idempotency.py::TestETLIdempotency::test_upsert_updates_changed_data - apps.core.models.Usuario.DoesNotExist: Usuario matching query does not exist.
FAILED apps/dat_ingest/tests/test_external_hash_v2_backfill.py::TestBackfillExternalHashV2DryRun::test_dry_run_does_not_modify_database - django.db.utils.IntegrityError: insert or update on table "core_solicitacao" violates foreign key constraint "core_solicitacao_usuario_id_e42889f5_fk_core_usuario_id"
DETAIL:  Key (usuario_id)=(1) is not present in table "core_usuario".
FAILED apps/dat_ingest/tests/test_external_hash_v2_backfill.py::TestBackfillExternalHashV2DryRun::test_dry_run_shows_would_update_count - TypeError: TestBackfillExternalHashV2DryRun.test_dry_run_shows_would_update_count() missing 1 required positional argument: 'capsys'
FAILED apps/dat_ingest/tests/test_external_hash_v2_backfill.py::TestBackfillExternalHashV2DryRun::test_dry_run_with_limit - TypeError: Solicitacao() got unexpected keyword arguments: 'data'
FAILED apps/dat_ingest/tests/test_external_hash_v2_backfill.py::TestBackfillCollisionsReport::test_collision_file_generated_when_collisions_exist - AssertionError: assert False
 +  where False = exists()
 +    where exists = PosixPath('/app/.agents/outbox/external_hash_v2_collisions.json').exists
FAILED apps/dat_ingest/tests/test_external_hash_v2_backfill.py::TestBackfillCollisionsReport::test_collision_file_not_generated_when_no_collisions - django.db.utils.IntegrityError: insert or update on table "core_solicitacao" violates foreign key constraint "core_solicitacao_usuario_id_e42889f5_fk_core_usuario_id"
DETAIL:  Key (usuario_id)=(1) is not present in table "core_usuario".
FAILED apps/dat_ingest/tests/test_super_date_parsing.py::TestSuperDateParsing::test_super_data_column_index_is_7 - AssertionError: 0 != 1
FAILED apps/dat_ingest/tests/test_super_date_parsing.py::TestSuperDateParsing::test_super_municipio_column_index_is_4 - AssertionError: 0 != 1
FAILED apps/dat_ingest/tests/test_super_date_parsing.py::TestSuperDateParsing::test_super_tipo_column_is_not_data - AssertionError: 0 != 1
FAILED apps/dat_ingest/tests/test_external_hash_v2_backfill.py::TestBackfillExternalHashV2Apply::test_apply_persists_new_hash - django.db.utils.IntegrityError: insert or update on table "core_solicitacao" violates foreign key constraint "core_solicitacao_usuario_id_e42889f5_fk_core_usuario_id"
DETAIL:  Key (usuario_id)=(1) is not present in table "core_usuario".
FAILED apps/dat_ingest/tests/test_external_hash_v2_backfill.py::TestBackfillExternalHashV2Apply::test_apply_respects_uniqueness_no_duplicates - django.db.utils.IntegrityError: insert or update on table "core_solicitacao" violates foreign key constraint "core_solicitacao_usuario_id_e42889f5_fk_core_usuario_id"
DETAIL:  Key (usuario_id)=(1) is not present in table "core_usuario".
FAILED apps/dat_ingest/tests/test_external_hash_v2_backfill.py::TestBackfillExternalHashV2Apply::test_apply_unchanged_when_hash_already_v2 - django.db.utils.IntegrityError: insert or update on table "core_solicitacao" violates foreign key constraint "core_solicitacao_usuario_id_e42889f5_fk_core_usuario_id"
DETAIL:  Key (usuario_id)=(1) is not present in table "core_usuario".
FAILED apps/dat_ingest/tests/test_loaders.py::TestParseUsuarios::test_parses_usuarios_from_xlsx - AssertionError: Deve ter 3 usuários (incluindo inativos)
assert 2 == 3
 +  where 2 = len([{'ativo': True, 'cpf': '85999999999', 'email': 'formador', 'nome': '12345678901', ...}, {'ativo': True, 'cpf': '85888888888', 'email': 'coordenadora', 'nome': '98765432100', ...}])
FAILED apps/dat_ingest/tests/test_loaders.py::TestParseUsuarios::test_parses_usuario_fields - AssertionError: assert '12345678901' == 'João Silva'
  
  - João Silva
  + 12345678901
FAILED apps/dat_ingest/tests/test_loaders.py::TestParseUsuarios::test_normalizes_cpf - AssertionError: CPF deve estar sem formatação
assert '85999999999' == '12345678901'
  
  - 12345678901
  + 85999999999
FAILED apps/dat_ingest/tests/test_loaders.py::TestParseUsuarios::test_normalizes_telefone - AssertionError: Telefone deve estar sem formatação
assert '' == '85999999999'
  
  - 85999999999
FAILED apps/dat_ingest/tests/test_loaders.py::TestParseUsuarios::test_parses_ativo_flag - IndexError: list index out of range
FAILED apps/dat_ingest/tests/test_loaders.py::TestParseUsuarios::test_generates_cpf_if_missing - IndexError: list index out of range
FAILED apps/dat_ingest/tests/test_loaders.py::TestExtractTiposEventoFromAgenda::test_includes_metadata - AssertionError: assert 'agenda.xlsx/Super' == 'agenda.xlsx'
  
  - agenda.xlsx
  + agenda.xlsx/Super
  ?            ++++++
FAILED apps/dat_ingest/tests/test_loaders.py::TestParseMunicipios::test_parses_municipios_from_xlsx - AssertionError: Deve ter 4 municípios (incluindo inativos)
assert 0 == 4
 +  where 0 = len([])
FAILED apps/dat_ingest/tests/test_loaders.py::TestParseMunicipios::test_parses_municipio_fields - IndexError: list index out of range
FAILED apps/dat_ingest/tests/test_loaders.py::TestParseMunicipios::test_parses_ativo_flag - IndexError: list index out of range
FAILED apps/dat_ingest/tests/test_loaders.py::TestParseMunicipios::test_includes_metadata - IndexError: list index out of range
FAILED apps/dat_ingest/tests/test_loaders.py::TestParseProjetos::test_parses_projetos_from_xlsx - AssertionError: Deve ter 3 projetos
assert 0 == 3
 +  where 0 = len([])
FAILED apps/dat_ingest/tests/test_loaders.py::TestParseProjetos::test_parses_projeto_fields - IndexError: list index out of range
FAILED apps/dat_ingest/tests/test_loaders.py::TestParseProjetos::test_includes_metadata - IndexError: list index out of range
FAILED apps/dat_ingest/tests/test_loaders.py::TestLoadersIntegration::test_loaders_preserve_data_integrity - AssertionError: assert '12345678901' == 'João Silva'
  
  - João Silva
  + 12345678901
FAILED apps/dat_ingest/tests/test_normalizers.py::TestNormalizeCpf::test_pads_with_zeros_if_less_than_11_digits - AssertionError: assert '123456789' == '00123456789'
  
  - 00123456789
  ? --
  + 123456789
FAILED apps/dat_ingest/tests/test_normalizers.py::TestNormalizeCpf::test_handles_float_cpf - AssertionError: assert '123456789010' == '12345678901'
  
  - 12345678901
  + 123456789010
  ?            +
FAILED apps/dat_ingest/tests/test_normalizers.py::TestNormalizeCpf::test_truncates_if_more_than_11_digits - AssertionError: assert '123456789012345' == '12345678901'
  
  - 12345678901
  + 123456789012345
  ?            ++++
FAILED apps/dat_ingest/tests/test_normalizers.py::TestNormalizeTelefone::test_handles_float_telefone - AssertionError: assert '859999999990' == '85999999999'
  
  - 85999999999
  + 859999999990
  ?            +
FAILED apps/dat_ingest/tests/test_normalizers.py::TestNormalizeUf::test_returns_empty_string_for_unknown - AssertionError: assert 'UN' == ''
  
  + UN
FAILED apps/dat_ingest/tests/test_normalizers.py::TestParseBool::test_parses_0_as_false - assert True is False
 +  where True = parse_bool(0)
FAILED apps/dat_ingest/tests/test_normalizers.py::TestNormalizeText::test_removes_accents - AssertionError: assert 'João José' == 'joao jose'
  
  - joao jose
  + João José
FAILED apps/dat_ingest/tests/test_normalizers.py::TestNormalizeText::test_removes_special_characters - AssertionError: assert 'Olá! Como vai?' == 'ola como vai'
  
  - ola como vai
  + Olá! Como vai?
FAILED apps/dat_ingest/tests/test_normalizers.py::TestNormalizeText::test_converts_to_lowercase - AssertionError: assert 'JOÃO SILVA' == 'joao silva'
  
  - joao silva
  + JOÃO SILVA
FAILED apps/dat_ingest/tests/test_normalizers.py::TestNormalizeText::test_collapses_spaces - AssertionError: assert 'João Silva' == 'joao silva'
  
  - joao silva
  + João Silva
FAILED apps/dat_ingest/tests/test_normalizers.py::TestParseTime::test_parses_hh_format - AttributeError: 'NoneType' object has no attribute 'hour'
FAILED apps/dat_ingest/tests/test_normalizers.py::TestParseTime::test_parses_excel_float - AttributeError: 'NoneType' object has no attribute 'hour'
FAILED apps/dat_ingest/tests/test_normalizers.py::TestParseDatetime::test_parses_date_and_time_strings - TypeError: parse_datetime() takes 1 positional argument but 2 were given
FAILED apps/dat_ingest/tests/test_normalizers.py::TestParseDatetime::test_returns_none_if_date_is_none - TypeError: parse_datetime() takes 1 positional argument but 2 were given
FAILED apps/dat_ingest/tests/test_normalizers.py::TestParseDatetime::test_defaults_to_00_00_if_time_is_none - TypeError: parse_datetime() takes 1 positional argument but 2 were given
FAILED apps/dat_ingest/tests/test_normalizers.py::TestSplitMunicipioUf::test_splits_municipio_uf_with_slash - AssertionError: assert 'Fortaleza/CE' == 'Fortaleza'
  
  - Fortaleza
  + Fortaleza/CE
  ?          +++
FAILED apps/dat_ingest/tests/test_normalizers.py::TestMakeSha256Hash::test_generates_consistent_hash - TypeError: make_sha256_hash() takes 1 positional argument but 2 were given
FAILED apps/dat_ingest/tests/test_normalizers.py::TestMakeSha256Hash::test_different_inputs_generate_different_hashes - TypeError: make_sha256_hash() takes 1 positional argument but 2 were given
FAILED apps/dat_ingest/tests/test_normalizers.py::TestMakeSha256Hash::test_handles_none_values - TypeError: make_sha256_hash() takes 1 positional argument but 2 were given
FAILED apps/dat_ingest/tests/test_normalizers.py::TestValidateRowData::test_returns_true_for_valid_row - TypeError: validate_row_data() takes 1 positional argument but 2 were given
FAILED apps/dat_ingest/tests/test_normalizers.py::TestValidateRowData::test_returns_false_if_required_field_missing - TypeError: validate_row_data() takes 1 positional argument but 2 were given
FAILED apps/dat_ingest/tests/test_normalizers.py::TestValidateRowData::test_returns_false_if_required_field_is_empty - TypeError: validate_row_data() takes 1 positional argument but 2 were given
FAILED apps/dat_ingest/tests/test_normalizers.py::TestValidateRowData::test_returns_false_if_required_field_is_none - TypeError: validate_row_data() takes 1 positional argument but 2 were given
FAILED apps/dat_ingest/tests/test_processors.py::TestAgendaProcessor::test_processes_super_sheet_successfully - TypeError: AgendaProcessor.__init__() takes 2 positional arguments but 3 were given
FAILED apps/dat_ingest/tests/test_processors.py::TestAgendaProcessor::test_resolves_coordenador_email - TypeError: AgendaProcessor.__init__() takes 2 positional arguments but 3 were given
FAILED apps/dat_ingest/tests/test_processors.py::TestAgendaProcessor::test_resolves_formadores_emails - TypeError: AgendaProcessor.__init__() takes 2 positional arguments but 3 were given
FAILED apps/dat_ingest/tests/test_processors.py::TestAgendaProcessor::test_tracks_missing_people - TypeError: AgendaProcessor.__init__() takes 2 positional arguments but 3 were given
FAILED apps/dat_ingest/tests/test_processors.py::TestAgendaProcessor::test_generates_unique_event_uid - TypeError: AgendaProcessor.__init__() takes 2 positional arguments but 3 were given
FAILED apps/dat_ingest/tests/test_processors.py::TestAgendaProcessor::test_parses_municipio_with_uf - TypeError: AgendaProcessor.__init__() takes 2 positional arguments but 3 were given
FAILED apps/dat_ingest/tests/test_processors.py::TestDisponibilidadeProcessor::test_processes_bloqueios_sheet - AssertionError: assert 'bloqueios' in []
FAILED apps/dat_ingest/tests/test_processors.py::TestDisponibilidadeProcessor::test_parses_bloqueio_tipo_total - TypeError: list indices must be integers or slices, not str
FAILED apps/dat_ingest/tests/test_processors.py::TestDisponibilidadeProcessor::test_parses_bloqueio_tipo_parcial - TypeError: list indices must be integers or slices, not str
FAILED apps/dat_ingest/tests/test_processors.py::TestDisponibilidadeProcessor::test_combines_date_and_time_to_datetime - TypeError: list indices must be integers or slices, not str
FAILED apps/dat_ingest/tests/test_processors.py::TestControleProcessor::test_processes_compras_sheet - AssertionError: assert 'compras' in []
FAILED apps/dat_ingest/tests/test_processors.py::TestControleProcessor::test_parses_compra_fields - TypeError: list indices must be integers or slices, not str
FAILED apps/dat_ingest/tests/test_processors.py::TestControleProcessor::test_parses_municipio_with_uf_in_compras - TypeError: list indices must be integers or slices, not str
FAILED apps/dat_ingest/tests/test_processors.py::TestControleProcessor::test_handles_empty_sheets_gracefully - TypeError: list indices must be integers or slices, not str
FAILED apps/dat_ingest/tests/test_processors.py::TestProcessorsIntegration::test_all_processors_return_dataframes - TypeError: AgendaProcessor.__init__() takes 2 positional arguments but 3 were given
FAILED apps/dat_ingest/tests/test_processors.py::TestProcessorsIntegration::test_processors_handle_missing_sheets - TypeError: list indices must be integers or slices, not str
ERROR apps/dat_ingest/tests/test_external_hash_v2_backfill.py::TestBackfillExternalHashV2DryRun::test_dry_run_shows_would_update_count - django.db.utils.IntegrityError: insert or update on table "core_solicitacao" violates foreign key constraint "core_solicitacao_usuario_id_e42889f5_fk_core_usuario_id"
DETAIL:  Key (usuario_id)=(1) is not present in table "core_usuario".
ERROR apps/dat_ingest/tests/test_external_hash_v2_backfill.py::TestBackfillExternalHashV2DryRun::test_dry_run_with_limit - django.db.utils.IntegrityError: insert or update on table "core_solicitacao" violates foreign key constraint "core_solicitacao_usuario_id_e42889f5_fk_core_usuario_id"
DETAIL:  Key (usuario_id)=(1) is not present in table "core_usuario".
ERROR apps/dat_ingest/tests/test_external_hash_v2_backfill.py::TestBackfillCollisionsReport::test_collision_file_generated_when_collisions_exist - django.db.utils.IntegrityError: insert or update on table "core_solicitacao" violates foreign key constraint "core_solicitacao_usuario_id_e42889f5_fk_core_usuario_id"
DETAIL:  Key (usuario_id)=(1) is not present in table "core_usuario".
============ 93 failed, 198 passed, 6 warnings, 3 errors in 20.57s =============
